<?xml version="1.0" encoding="UTF-8"?>
<testsuite name="Test shrink" tests="1" skipped="0" failures="0" errors="0" timestamp="2022-11-12T15:36:58" hostname="Tushars-Air.local" time="0.245">
  <properties/>
  <testcase name="[1] [-4474434, -4277824, -4277824, -4408641, -4474434, -4474434, -4539970, -4474177, -4539456, -4605762, -4407870, -4671042, -4868421, -4736321, -4802114, -5328456, -5460812, -5394765, -5263692, -5987416, -6579810, -6777191, -7435123, -7566709, -6645607, -5066062, -4473925, -4144958, -4211005, -4408384, -4408383, -4474174, -4539967, -4605249, -4605249, -4671042, -4671043, -4671043, -4671043, -4605250, -4605250, -4671042, -4736321, -4670526, -4604220, -4538427, -4604474, -4867646, -5065025, -4472888, -4538681, …, [-1, -1, -1, -1, -1, -1, -1, -1, -1, -1, -1, -1, -1, -1, -1, -1, -1, -1, -1, -1, -1, -1, -1, -1, -1, -1, -1, -1, -1, -1, -1, -1, -1, -1, -1, -1, -1, -1, -1, -1, -1, -1, -1, -1, -1, -1, -1, -1, -1, -1, -1, -1, -1, -1, -1, -1, -1, -1, -1, -1, -1, -1, -1, -1, -1, -1, -1, -1, -1, -1, -1, -1, -1, -1, -1, -1, -1, -1, -1, -1, -1, -1, -1, -1, -1, -1, -1, -1, -1, -1, -1, -1, -1, -1, -1, -1, -1, -1, -1, -1, -1, -1, -1, -1, -1, -1, -1, -1, -1, -1, -1, -1, -1, -1, -1, -1, -1, -1, -1, -1, -1, -1, -1, -1, -1, -1, -1, -1…, 876, 534, 875, [-4474434, -4277824, -4277824, -4408641, -4474434, -4474434, -4539970, -4474177, -4539456, -4605762, -4407870, -4671042, -4868421, -4736321, -4802114, -5328456, -5460812, -5394765, -5263692, -5987416, -6579810, -6777191, -7435123, -7566709, -6645607, -5066062, -4473925, -4144958, -4211005, -4408384, -4408383, -4474174, -4539967, -4605249, -4605249, -4671042, -4671043, -4671043, -4671043, -4605250, -4605250, -4671042, -4736321, -4670526, -4604220, -4538427, -4604474, -4867646, -5065025, -4472888, -4538681, …" classname="pgdp.SeamCarvingTest$Test_shrink" time="0.245"/>
  <system-out><![CDATA[]]></system-out>
  <system-err><![CDATA[]]></system-err>
</testsuite>
