<?xml version="1.0" encoding="UTF-8"?>
<testsuite name="pgdp.megamerge.MegaMergeSortBehaviorTest" tests="1" skipped="0" failures="1" errors="0" timestamp="2022-12-02T17:44:59" hostname="Tushars-MacBook-Air.local" time="0.073">
  <properties/>
  <testcase name="Count Points MegaMergeSort" classname="pgdp.megamerge.MegaMergeSortBehaviorTest" time="0.073">
    <failure message="org.opentest4j.AssertionFailedError: 0 / 3 Punkten auf die Methode 'megaMergeSort()'" type="org.opentest4j.AssertionFailedError">org.opentest4j.AssertionFailedError: 0 / 3 Punkten auf die Methode 'megaMergeSort()'
	at app//org.junit.jupiter.api.AssertionUtils.fail(AssertionUtils.java:39)
	at app//org.junit.jupiter.api.Assertions.fail(Assertions.java:134)
	at app//pgdp.megamerge.MegaMergeSortBehaviorTest.countPoints(MegaMergeSortBehaviorTest.java:118)
	at java.base@17.0.3.1/jdk.internal.reflect.NativeMethodAccessorImpl.invoke0(Native Method)
	at java.base@17.0.3.1/jdk.internal.reflect.NativeMethodAccessorImpl.invoke(NativeMethodAccessorImpl.java:77)
	at java.base@17.0.3.1/jdk.internal.reflect.DelegatingMethodAccessorImpl.invoke(DelegatingMethodAccessorImpl.java:43)
	at java.base@17.0.3.1/java.lang.reflect.Method.invoke(Method.java:568)
	at app//org.junit.platform.commons.util.ReflectionUtils.invokeMethod(ReflectionUtils.java:725)
	at app//org.junit.jupiter.engine.execution.MethodInvocation.proceed(MethodInvocation.java:60)
	at app//org.junit.jupiter.engine.execution.InvocationInterceptorChain$ValidatingInvocation.proceed(InvocationInterceptorChain.java:131)
	at app//de.tum.in.test.api.internal.TimeoutUtils.rethrowThrowableSafe(TimeoutUtils.java:57)
	at app//de.tum.in.test.api.internal.TimeoutUtils.lambda$performTimeoutExecution$1(TimeoutUtils.java:52)
	at java.base@17.0.3.1/java.util.concurrent.FutureTask.run(FutureTask.java:264)
	at java.base@17.0.3.1/java.util.concurrent.ThreadPoolExecutor.runWorker(ThreadPoolExecutor.java:1136)
	at java.base@17.0.3.1/java.util.concurrent.ThreadPoolExecutor$Worker.run(ThreadPoolExecutor.java:635)
	at java.base@17.0.3.1/java.lang.Thread.run(Thread.java:833)
</failure>
  </testcase>
  <system-out><![CDATA[]]></system-out>
  <system-err><![CDATA[[DEBUG] [Test worker] Validated build configuration regarding trusted package rules, 0 are missing.
NOTICE: The warning above is expected and the issue is already known.
        Visit https://github.com/ls1intum/Ares/discussions/113 for more details.
[INFO] [Test worker] Request install with ASC-Impl [testMethod=Optional.empty, executionPath=/Users/tusharkhandelwal/IdeaProjects/pgdp2223w04h02-tests, whitelistedPaths=Optional[[PathRule["target" (STARTS_WITH) in WHITELIST; level READ], PathRule["../pgdp2223*w04h02**" (GLOB) in WHITELIST; level READ]]], blacklistedPaths=[PathRule["{test,target/test}**Test*.{java,class}" (GLOB) in BLACKLIST; level READ]], allowedLocalPorts=[], trustedPackages=[]]
[INFO] [Test worker] Request whitelisting: Thread[ajts-to-1,5,Test-Threadgroup] []
[INFO] [Test worker] Thread whitelisted: Thread[ajts-to-1,5,Test-Threadgroup]
[INFO] [Test worker] Request uninstall
[DEBUG] [Test worker] Validated build configuration regarding trusted package rules, 0 are missing.
[INFO] [Test worker] Request install with ASC-Impl [testMethod=Optional[public void pgdp.megamerge.MegaMergeSortBehaviorTest.countPoints()], executionPath=/Users/tusharkhandelwal/IdeaProjects/pgdp2223w04h02-tests, whitelistedPaths=Optional[[PathRule["target" (STARTS_WITH) in WHITELIST; level READ], PathRule["../pgdp2223*w04h02**" (GLOB) in WHITELIST; level READ]]], blacklistedPaths=[PathRule["{test,target/test}**Test*.{java,class}" (GLOB) in BLACKLIST; level READ]], allowedLocalPorts=[], trustedPackages=[]]
[INFO] [Test worker] Request whitelisting: Thread[ajts-to-2,5,Test-Threadgroup] []
[INFO] [Test worker] Thread whitelisted: Thread[ajts-to-2,5,Test-Threadgroup]
[INFO] [Test worker] Request uninstall
]]></system-err>
</testsuite>
